	21.704
	21.713
	21.881
	22.257
100 4 fillrandom 14.04 21.81 7.304 7.156 5.114 8.421 11.823
100 7 fillrandom 13.54 22.95 7.367 8.841 5.023 8.018 11.587
100 10 fillrandom 13.28 24.27 7.946 7.853 5.009 8.428 12.219
100 20 fillrandom 13.24 20.66 7.784 7.801 5.175 7.699 11.801
1000 4 fillrandom 13.70 19.91 7.340 19.845 13.582 7.601 57.939
1000 7 fillrandom 17.58 24.02 7.648 19.878 12.882 8.197 60.353
1000 10 fillrandom 16.42 23.66 7.522 19.757 12.943 7.327 59.912
1000 20 fillrandom 15.69 22.98 7.687 23.732 15.885 7.758 61.055
100 4 overwrite 18.28 24.66 7.304 7.156 5.114 8.421 11.823
100 7 overwrite 16.55 23.35 7.367 8.841 5.023 8.018 11.587
100 10 overwrite 17.26 24.55 7.946 7.853 5.009 8.428 12.219
100 20 overwrite 17.39 23.92 7.784 7.801 5.175 7.699 11.801
1000 4 overwrite 15.57 23.20 7.340 19.845 13.582 7.601 57.939
1000 7 overwrite 18.78 24.95 7.648 19.878 12.882 8.197 60.353
1000 10 overwrite 15.54 23.25 7.522 19.757 12.943 7.327 59.912
1000 20 overwrite 16.65 23.41 7.687 23.732 15.885 7.758 61.055
100 4 readrandom 14.21 18.49 7.304 7.156 5.114 8.421 11.823
100 7 readrandom 10.12 19.39 7.367 8.841 5.023 8.018 11.587
100 10 readrandom 13.89 18.33 7.946 7.853 5.009 8.428 12.219
100 20 readrandom 15.40 21.70 7.784 7.801 5.175 7.699 11.801
1000 4 readrandom 22.97 32.29 7.340 19.845 13.582 7.601 57.939
1000 7 readrandom 19.47 28.31 7.648 19.878 12.882 8.197 60.353
1000 10 readrandom 19.55 28.37 7.522 19.757 12.943 7.327 59.912
1000 20 readrandom 27.03 38.66 7.687 23.732 15.885 7.758 61.055
100 4 readwhilewriting 31.67 44.77 7.304 7.156 5.114 8.421 11.823
100 7 readwhilewriting 29.87 39.45 7.367 8.841 5.023 8.018 11.587
100 10 readwhilewriting 38.11 62.77 7.946 7.853 5.009 8.428 12.219
100 20 readwhilewriting 29.98 50.58 7.784 7.801 5.175 7.699 11.801
1000 4 readwhilewriting 155.83 212.42 7.340 19.845 13.582 7.601 57.939
1000 7 readwhilewriting 158.90 216.56 7.648 19.878 12.882 8.197 60.353
1000 10 readwhilewriting 158.84 200.89 7.522 19.757 12.943 7.327 59.912
1000 20 readwhilewriting 159.94 206.35 7.687 23.732 15.885 7.758 61.055
100 4 seekrandom 11.16 18.73 7.304 7.156 5.114 8.421 11.823
100 7 seekrandom 19.40 28.36 7.367 8.841 5.023 8.018 11.587
100 10 seekrandom 18.30 28.24 7.946 7.853 5.009 8.428 12.219
100 20 seekrandom 16.33 25.61 7.784 7.801 5.175 7.699 11.801
1000 4 seekrandom 58.00 82.87 7.340 19.845 13.582 7.601 57.939
1000 7 seekrandom 58.37 75.54 7.648 19.878 12.882 8.197 60.353
1000 10 seekrandom 59.14 88.18 7.522 19.757 12.943 7.327 59.912
1000 20 seekrandom 57.06 79.25 7.687 23.732 15.885 7.758 61.055
